<?xml version="1.0" encoding="UTF-8"?>
<!-- Generated by org.testng.reporters.JUnitXMLReporter -->
<testsuite hostname="DESKTOP-85GKD85" ignored="0" name="TalentRecruit Application Testing" tests="3" failures="2" timestamp="10 Jan 2022 09:27:47 GMT" time="126.126" errors="0">
  <testcase name="loginTestMultipleSet" time="60.922" classname="com.TalentRecruit.testCases.TC_LoginTest_Multiple_DataSet"/>
  <testcase name="loginTestMultipleSet" time="60.582" classname="com.TalentRecruit.testCases.TC_LoginTest_Multiple_DataSet">
    <failure type="java.lang.AssertionError" message="expected [true] but found [false]">
      <![CDATA[java.lang.AssertionError: expected [true] but found [false]
at com.TalentRecruit.testCases.TC_LoginTest_Multiple_DataSet.loginTestMultipleSet(TC_LoginTest_Multiple_DataSet.java:115)
... Removed 29 stack frames]]>
    </failure>
  </testcase> <!-- loginTestMultipleSet -->
  <testcase name="loginTestMultipleSet" time="0.45" classname="com.TalentRecruit.testCases.TC_LoginTest_Multiple_DataSet">
    <failure type="java.lang.AssertionError" message="expected [true] but found [false]">
      <![CDATA[java.lang.AssertionError: expected [true] but found [false]
at com.TalentRecruit.testCases.TC_LoginTest_Multiple_DataSet.loginTestMultipleSet(TC_LoginTest_Multiple_DataSet.java:127)
... Removed 29 stack frames]]>
    </failure>
  </testcase> <!-- loginTestMultipleSet -->
</testsuite> <!-- TalentRecruit Application Testing -->
