<?xml version="1.0" encoding="UTF-8"?>
<testsuite name="TestSuite" time="61.139" tests="3" errors="0" skipped="0" failures="2">
  <properties>
[...]
</properties>
  <testcase name="loginTestMultipleSet" classname="com.TalentRecruit.testCases.TC_LoginTest_Multiple_DataSet" time="61.139"/>
  <testcase name="loginTestMultipleSet" classname="com.TalentRecruit.testCases.TC_LoginTest_Multiple_DataSet" time="60.718">
    <failure message="expected [true] but found [false]" type="java.lang.AssertionError">java.lang.AssertionError: expected [true] but found [false]
	at org.testng.Assert.fail(Assert.java:96)
	at org.testng.Assert.failNotEquals(Assert.java:776)
	at org.testng.Assert.assertTrue(Assert.java:44)
	at org.testng.Assert.assertTrue(Assert.java:54)
	at com.TalentRecruit.testCases.TC_LoginTest_Multiple_DataSet.loginTestMultipleSet(TC_LoginTest_Multiple_DataSet.java:115)
</failure>
    <system-out><![CDATA[On Test Success01-10-2022 18:48:54 TC_LoginTest_Multiple_DataSet.java INFO  [main] TalentRecruit 37 - Email Entered
01-10-2022 18:48:54 TC_LoginTest_Multiple_DataSet.java INFO  [main] TalentRecruit 39 - Next button clicked
in side IF block
01-10-2022 18:49:24 TC_LoginTest_Multiple_DataSet.java INFO  [main] TalentRecruit 50 - Password Entered
01-10-2022 18:49:24 TC_LoginTest_Multiple_DataSet.java INFO  [main] TalentRecruit 52 - Sign In button clicked
Screenshot Taken
01-10-2022 18:49:54 TC_LoginTest_Multiple_DataSet.java INFO  [main] TalentRecruit 114 - Login Failed:Invalid Password
]]></system-out>
  </testcase>
  <testcase name="loginTestMultipleSet" classname="com.TalentRecruit.testCases.TC_LoginTest_Multiple_DataSet" time="0.581">
    <failure message="expected [true] but found [false]" type="java.lang.AssertionError">java.lang.AssertionError: expected [true] but found [false]
	at org.testng.Assert.fail(Assert.java:96)
	at org.testng.Assert.failNotEquals(Assert.java:776)
	at org.testng.Assert.assertTrue(Assert.java:44)
	at org.testng.Assert.assertTrue(Assert.java:54)
	at com.TalentRecruit.testCases.TC_LoginTest_Multiple_DataSet.loginTestMultipleSet(TC_LoginTest_Multiple_DataSet.java:127)
</failure>
    <system-out><![CDATA[On Test Failure01-10-2022 18:49:54 TC_LoginTest_Multiple_DataSet.java INFO  [main] TalentRecruit 37 - Email Entered
01-10-2022 18:49:54 TC_LoginTest_Multiple_DataSet.java INFO  [main] TalentRecruit 39 - Next button clicked
Email not Exits
01-10-2022 18:49:55 TC_LoginTest_Multiple_DataSet.java INFO  [main] TalentRecruit 125 - Email does not Exits.
Screenshot Taken
]]></system-out>
  </testcase>
</testsuite>